TN:
SF:src\App.jsx
FN:20,(anonymous_0)
FN:34,(anonymous_1)
FN:38,(anonymous_2)
FN:43,(anonymous_3)
FNF:4
FNH:4
FNDA:76,(anonymous_0)
FNDA:32,(anonymous_1)
FNDA:66,(anonymous_2)
FNDA:32,(anonymous_3)
DA:20,8
DA:22,76
DA:23,76
DA:24,76
DA:25,76
DA:26,76
DA:27,76
DA:28,76
DA:31,76
DA:34,76
DA:35,32
DA:36,32
DA:38,66
DA:39,32
DA:40,32
DA:43,76
DA:46,32
DA:47,32
DA:49,0
DA:51,32
DA:54,76
LF:21
LH:20
BRDA:31,0,0,74
BRDA:31,0,1,2
BRDA:36,1,0,30
BRDA:36,1,1,2
BRDA:46,2,0,32
BRDA:46,2,1,0
BRDA:58,3,0,0
BRDA:58,3,1,76
BRDA:59,4,0,0
BRDA:59,4,1,76
BRDA:60,5,0,2
BRDA:60,5,1,74
BRF:12
BRH:9
end_of_record
TN:
SF:src\api.js
FN:11,(anonymous_0)
FN:66,(anonymous_1)
FN:67,(anonymous_2)
FN:78,(anonymous_3)
FN:99,(anonymous_4)
FN:113,(anonymous_5)
FN:139,(anonymous_6)
FNF:7
FNH:3
FNDA:47,(anonymous_0)
FNDA:36,(anonymous_1)
FNDA:1188,(anonymous_2)
FNDA:0,(anonymous_3)
FNDA:0,(anonymous_4)
FNDA:0,(anonymous_5)
FNDA:0,(anonymous_6)
DA:11,9
DA:14,47
DA:16,47
DA:18,47
DA:19,46
DA:23,1
DA:24,1
DA:28,0
DA:29,0
DA:30,0
DA:33,0
DA:35,0
DA:36,0
DA:37,0
DA:38,0
DA:39,0
DA:41,0
DA:42,0
DA:43,0
DA:44,0
DA:47,0
DA:48,0
DA:51,47
DA:66,9
DA:67,1188
DA:68,36
DA:69,36
DA:78,9
DA:79,0
DA:80,0
DA:82,0
DA:83,0
DA:84,0
DA:86,0
DA:87,0
DA:88,0
DA:90,0
DA:99,9
DA:100,0
DA:103,0
DA:104,0
DA:113,9
DA:114,0
DA:116,0
DA:118,0
DA:119,0
DA:120,0
DA:121,0
DA:122,0
DA:123,0
DA:126,0
DA:127,0
DA:128,0
DA:130,0
DA:132,0
DA:139,9
DA:141,0
DA:142,0
DA:147,0
DA:149,0
DA:150,0
LF:61
LH:16
BRDA:18,0,0,46
BRDA:18,0,1,1
BRDA:23,1,0,1
BRDA:23,1,1,0
BRDA:28,2,0,0
BRDA:28,2,1,0
BRDA:30,3,0,0
BRDA:30,3,1,0
BRDA:35,4,0,0
BRDA:35,4,1,0
BRDA:41,5,0,0
BRDA:41,5,1,0
BRDA:83,6,0,0
BRDA:83,6,1,0
BRDA:87,7,0,0
BRDA:87,7,1,0
BRDA:116,8,0,0
BRDA:116,8,1,0
BRDA:118,9,0,0
BRDA:118,9,1,0
BRDA:118,10,0,0
BRDA:118,10,1,0
BRDA:122,11,0,0
BRDA:122,11,1,0
BRDA:130,12,0,0
BRDA:130,12,1,0
BRDA:141,13,0,0
BRDA:141,13,1,0
BRDA:141,14,0,0
BRDA:141,14,1,0
BRF:30
BRH:3
end_of_record
TN:
SF:src\mock-data.js
FNF:0
FNH:0
DA:3,9
LF:1
LH:1
BRF:0
BRH:0
end_of_record
TN:
SF:src\components\Alert.jsx
FN:7,(anonymous_0)
FN:14,(anonymous_1)
FN:30,(anonymous_2)
FN:40,(anonymous_3)
FN:49,(anonymous_4)
FN:58,(anonymous_5)
FNF:6
FNH:5
FNDA:5,(anonymous_0)
FNDA:5,(anonymous_1)
FNDA:5,(anonymous_2)
FNDA:2,(anonymous_3)
FNDA:0,(anonymous_4)
FNDA:3,(anonymous_5)
DA:8,5
DA:9,5
DA:10,5
DA:11,5
DA:14,5
DA:15,5
DA:31,5
DA:41,2
DA:42,2
DA:43,2
DA:44,2
DA:50,0
DA:51,0
DA:52,0
DA:53,0
DA:59,3
DA:60,3
DA:61,3
DA:62,3
LF:19
LH:15
BRF:0
BRH:0
end_of_record
TN:
SF:src\components\CityEventsChart.jsx
FN:13,(anonymous_0)
FN:16,(anonymous_1)
FN:20,(anonymous_2)
FN:21,(anonymous_3)
FN:22,(anonymous_4)
FN:42,(anonymous_5)
FNF:6
FNH:5
FNDA:99,(anonymous_0)
FNDA:47,(anonymous_1)
FNDA:47,(anonymous_2)
FNDA:52,(anonymous_3)
FNDA:1160,(anonymous_4)
FNDA:0,(anonymous_5)
DA:13,8
DA:14,99
DA:16,99
DA:17,47
DA:20,99
DA:21,47
DA:22,1160
DA:23,52
DA:24,52
DA:26,47
DA:29,99
DA:42,0
LF:12
LH:11
BRF:0
BRH:0
end_of_record
TN:
SF:src\components\CitySearch.jsx
FN:5,(anonymous_0)
FN:12,(anonymous_1)
FN:14,(anonymous_2)
FN:31,(anonymous_3)
FN:39,(anonymous_4)
FN:51,(anonymous_5)
FN:55,(anonymous_6)
FNF:7
FNH:7
FNDA:156,(anonymous_0)
FNDA:40,(anonymous_1)
FNDA:80,(anonymous_2)
FNDA:3,(anonymous_3)
FNDA:45,(anonymous_4)
FNDA:8,(anonymous_5)
FNDA:44,(anonymous_6)
DA:5,8
DA:7,156
DA:8,156
DA:9,156
DA:12,156
DA:13,40
DA:14,40
DA:15,80
DA:18,40
DA:19,40
DA:22,40
DA:23,10
DA:25,30
DA:27,40
DA:31,156
DA:32,3
DA:33,3
DA:34,3
DA:35,3
DA:36,3
DA:39,156
DA:40,45
DA:43,156
DA:51,8
DA:56,44
LF:25
LH:25
BRDA:14,0,0,40
BRDA:14,0,1,0
BRDA:22,1,0,10
BRDA:22,1,1,30
BRDA:53,2,0,48
BRDA:53,2,1,108
BRF:6
BRH:5
end_of_record
TN:
SF:src\components\Event.jsx
FN:5,(anonymous_0)
FN:9,(anonymous_1)
FN:10,(anonymous_2)
FNF:3
FNH:3
FNDA:822,(anonymous_0)
FNDA:4,(anonymous_1)
FNDA:2,(anonymous_2)
DA:5,9
DA:7,822
DA:9,822
DA:10,822
DA:12,822
LF:5
LH:5
BRDA:18,0,0,818
BRDA:18,0,1,4
BRF:2
BRH:2
end_of_record
TN:
SF:src\components\EventGenresChart.jsx
FN:9,(anonymous_0)
FN:27,(anonymous_1)
FN:30,(anonymous_2)
FN:35,(anonymous_3)
FN:47,(anonymous_4)
FN:48,(anonymous_5)
FN:69,(anonymous_6)
FN:73,(anonymous_7)
FNF:8
FNH:6
FNDA:0,(anonymous_0)
FNDA:99,(anonymous_1)
FNDA:47,(anonymous_2)
FNDA:47,(anonymous_3)
FNDA:235,(anonymous_4)
FNDA:2900,(anonymous_5)
FNDA:390,(anonymous_6)
FNDA:0,(anonymous_7)
DA:6,8
DA:7,8
DA:9,8
DA:10,0
DA:11,0
DA:12,0
DA:13,0
DA:14,0
DA:27,8
DA:28,99
DA:30,99
DA:31,47
DA:35,99
DA:47,47
DA:48,2900
DA:49,235
DA:50,235
DA:53,47
DA:56,99
DA:70,390
DA:73,0
LF:21
LH:15
BRDA:14,0,0,0
BRDA:14,0,1,0
BRDA:19,1,0,0
BRDA:19,1,1,0
BRF:4
BRH:0
end_of_record
TN:
SF:src\components\EventList.jsx
FN:6,(anonymous_0)
FN:9,(anonymous_1)
FNF:2
FNH:2
FNDA:64,(anonymous_0)
FNDA:809,(anonymous_1)
DA:6,8
DA:7,64
DA:9,809
LF:3
LH:3
BRDA:9,0,0,62
BRDA:9,0,1,2
BRF:2
BRH:2
end_of_record
TN:
SF:src\components\NumberOfEvents.jsx
FN:5,(anonymous_0)
FN:12,(anonymous_1)
FNF:2
FNH:2
FNDA:74,(anonymous_0)
FNDA:21,(anonymous_1)
DA:5,8
DA:7,74
DA:12,74
DA:14,21
DA:16,21
DA:18,7
DA:19,7
DA:21,14
DA:22,2
DA:23,2
DA:25,12
DA:26,1
DA:27,1
DA:30,11
DA:31,11
DA:32,11
DA:37,74
LF:17
LH:17
BRDA:16,0,0,7
BRDA:16,0,1,14
BRDA:21,1,0,2
BRDA:21,1,1,12
BRDA:25,2,0,1
BRDA:25,2,1,11
BRF:6
BRH:6
end_of_record
