TN:
SF:src\App.jsx
FN:15,(anonymous_0)
FN:26,(anonymous_1)
FN:30,(anonymous_2)
FN:35,(anonymous_3)
FNF:4
FNH:4
FNDA:57,(anonymous_0)
FNDA:31,(anonymous_1)
FNDA:66,(anonymous_2)
FNDA:31,(anonymous_3)
DA:13,7
DA:15,7
DA:17,57
DA:18,57
DA:19,57
DA:20,57
DA:23,57
DA:26,57
DA:27,31
DA:28,31
DA:30,66
DA:31,31
DA:32,31
DA:35,57
DA:36,31
DA:39,57
LF:16
LH:16
BRDA:23,0,0,55
BRDA:23,0,1,2
BRDA:28,1,0,29
BRDA:28,1,1,2
BRF:4
BRH:4
end_of_record
TN:
SF:src\api.js
FN:9,(anonymous_0)
FN:42,(anonymous_1)
FN:43,(anonymous_2)
FN:54,(anonymous_3)
FN:75,(anonymous_4)
FN:89,(anonymous_5)
FN:115,(anonymous_6)
FNF:7
FNH:3
FNDA:46,(anonymous_0)
FNDA:35,(anonymous_1)
FNDA:1155,(anonymous_2)
FNDA:0,(anonymous_3)
FNDA:0,(anonymous_4)
FNDA:0,(anonymous_5)
FNDA:0,(anonymous_6)
DA:9,8
DA:12,46
DA:13,45
DA:17,1
DA:18,1
DA:21,0
DA:23,0
DA:24,0
DA:25,0
DA:26,0
DA:27,0
DA:28,0
DA:29,0
DA:30,0
DA:42,8
DA:43,1155
DA:44,35
DA:45,35
DA:54,8
DA:55,0
DA:56,0
DA:58,0
DA:59,0
DA:60,0
DA:62,0
DA:63,0
DA:64,0
DA:66,0
DA:75,8
DA:76,0
DA:79,0
DA:80,0
DA:89,8
DA:90,0
DA:92,0
DA:94,0
DA:95,0
DA:96,0
DA:97,0
DA:98,0
DA:99,0
DA:102,0
DA:103,0
DA:104,0
DA:106,0
DA:108,0
DA:115,8
DA:117,0
DA:118,0
DA:123,0
DA:125,0
DA:126,0
LF:52
LH:13
BRDA:12,0,0,45
BRDA:12,0,1,1
BRDA:17,1,0,1
BRDA:17,1,1,0
BRDA:23,2,0,0
BRDA:23,2,1,0
BRDA:28,3,0,0
BRDA:28,3,1,0
BRDA:59,4,0,0
BRDA:59,4,1,0
BRDA:63,5,0,0
BRDA:63,5,1,0
BRDA:92,6,0,0
BRDA:92,6,1,0
BRDA:94,7,0,0
BRDA:94,7,1,0
BRDA:94,8,0,0
BRDA:94,8,1,0
BRDA:98,9,0,0
BRDA:98,9,1,0
BRDA:106,10,0,0
BRDA:106,10,1,0
BRDA:117,11,0,0
BRDA:117,11,1,0
BRDA:117,12,0,0
BRDA:117,12,1,0
BRF:26
BRH:3
end_of_record
TN:
SF:src\mock-data.js
FNF:0
FNH:0
DA:3,8
LF:1
LH:1
BRF:0
BRH:0
end_of_record
TN:
SF:src\components\CitySearch.jsx
FN:5,(anonymous_0)
FN:12,(anonymous_1)
FN:14,(anonymous_2)
FN:23,(anonymous_3)
FN:30,(anonymous_4)
FN:42,(anonymous_5)
FN:46,(anonymous_6)
FNF:7
FNH:7
FNDA:148,(anonymous_0)
FNDA:40,(anonymous_1)
FNDA:80,(anonymous_2)
FNDA:3,(anonymous_3)
FNDA:40,(anonymous_4)
FNDA:8,(anonymous_5)
FNDA:44,(anonymous_6)
DA:5,7
DA:7,148
DA:8,148
DA:9,148
DA:12,148
DA:13,40
DA:14,40
DA:15,80
DA:18,40
DA:19,40
DA:23,148
DA:24,3
DA:25,3
DA:26,3
DA:27,3
DA:30,148
DA:31,40
DA:34,148
DA:42,8
DA:47,44
LF:20
LH:20
BRDA:14,0,0,40
BRDA:14,0,1,0
BRDA:44,1,0,48
BRDA:44,1,1,100
BRF:4
BRH:3
end_of_record
TN:
SF:src\components\Event.jsx
FN:5,(anonymous_0)
FN:9,(anonymous_1)
FN:10,(anonymous_2)
FNF:3
FNH:3
FNDA:714,(anonymous_0)
FNDA:4,(anonymous_1)
FNDA:2,(anonymous_2)
DA:5,8
DA:7,714
DA:9,714
DA:10,714
DA:12,714
LF:5
LH:5
BRDA:18,0,0,710
BRDA:18,0,1,4
BRF:2
BRH:2
end_of_record
TN:
SF:src\components\EventList.jsx
FN:6,(anonymous_0)
FN:9,(anonymous_1)
FNF:2
FNH:2
FNDA:60,(anonymous_0)
FNDA:701,(anonymous_1)
DA:6,7
DA:7,60
DA:9,701
LF:3
LH:3
BRDA:9,0,0,58
BRDA:9,0,1,2
BRF:2
BRH:2
end_of_record
TN:
SF:src\components\NumberOfEvents.jsx
FN:5,(anonymous_0)
FN:9,(anonymous_1)
FNF:2
FNH:2
FNDA:67,(anonymous_0)
FNDA:17,(anonymous_1)
DA:5,7
DA:7,67
DA:9,67
DA:10,17
DA:11,17
DA:12,17
DA:13,17
DA:16,67
LF:8
LH:8
BRDA:11,0,0,5
BRDA:11,0,1,12
BRF:2
BRH:2
end_of_record
